#
# A fatal error has been detected by the Java Runtime Environment:
#
#  SIGSEGV (0xb) at pc=0x00007f9bf84f0393, pid=15952, tid=15968
#
# JRE version: OpenJDK Runtime Environment (16.0.2+7) (build 16.0.2+7-67)
# Java VM: OpenJDK 64-Bit Server VM (16.0.2+7-67, mixed mode, tiered, compressed oops, compressed class ptrs, g1 gc, linux-amd64)
# Problematic frame:
# C  [libjimage.so+0x4393]
#
# Core dump will be written. Default location: Core dumps may be processed with "/usr/lib/systemd/systemd-coredump %P %u %g %s %t %c %h" (or dumping to /home/vino/Documents/Workspaces/Java/jdbc1/core.15952)
#
# If you would like to submit a bug report, please visit:
#   https://bugreport.java.com/bugreport/crash.jsp
#

---------------  S U M M A R Y ------------

Command Line: -XX:+ShowCodeDetailsInExceptionMessages -agentlib:jdwp=transport=dt_socket,suspend=y,address=localhost:41513 -javaagent:/home/vino/.eclipse/org.eclipse.platform_4.21.0_155965261_linux_gtk_x86_64/configuration/org.eclipse.osgi/217/0/.cp/lib/javaagent-shaded.jar -Dfile.encoding=UTF-8 --module-path=/home/vino/Documents/Java-libs/JDBC-Connectors/mysql-connector-java-8.0.27/mysql-connector-java-8.0.27.jar application.Program

Host: Intel(R) Celeron(R) CPU 1000M @ 1.80GHz, 2 cores, 3G, Arch Linux
Time: Wed Nov 24 13:33:50 2021 -03 elapsed time: 1785.531319 seconds (0d 0h 29m 45s)

---------------  T H R E A D  ---------------

Current thread (0x00007f9bf0154560):  JavaThread "Signal Dispatcher" daemon [_thread_in_vm, id=15968, stack(0x00007f9bdca15000,0x00007f9bdcb16000)]

Stack: [0x00007f9bdca15000,0x00007f9bdcb16000],  sp=0x00007f9bdcb13150,  free space=1016k
Native frames: (J=compiled Java code, A=aot compiled Java code, j=interpreted, Vv=VM code, C=native code)
C  [libjimage.so+0x4393]
C  [libjimage.so+0x50de]
C  [libjimage.so+0x55bc]  JIMAGE_FindResource+0xfc
V  [libjvm.so+0x55e431]